2015-01-13 15:40:40 INFO  ZooKeeper:97 - Client environment:zookeeper.version=3.3.3-1203054, built on 11/17/2011 05:47 GMT
2015-01-13 15:40:40 INFO  ZooKeeper:97 - Client environment:host.name=cxh-Latitude-E6220
2015-01-13 15:40:40 INFO  ZooKeeper:97 - Client environment:java.version=1.7.0_72
2015-01-13 15:40:40 INFO  ZooKeeper:97 - Client environment:java.vendor=Oracle Corporation
2015-01-13 15:40:40 INFO  ZooKeeper:97 - Client environment:java.home=/usr/lib/jvm/jdk1.7.0_72/jre
2015-01-13 15:40:40 INFO  ZooKeeper:97 - Client environment:java.class.path=/media/cxh/backup/work/realtime_ua/ua_server/target/test-classes:/media/cxh/backup/work/realtime_ua/ua_server/target/classes:/usr/share/eclipse/dropins/jdt/plugins/org.junit_4.8.2.dist/junit.jar:/usr/share/eclipse/dropins/jdt/plugins/org.hamcrest.core_1.3.0.jar:/media/cxh/backup/work/realtime_ua/ua_common/target/classes:/media/cxh/backup/.m2/repository/org/apache/thrift/libthrift/0.8.0/libthrift-0.8.0.jar:/media/cxh/backup/.m2/repository/commons-lang/commons-lang/2.5/commons-lang-2.5.jar:/media/cxh/backup/.m2/repository/org/apache/httpcomponents/httpclient/4.1.2/httpclient-4.1.2.jar:/media/cxh/backup/.m2/repository/commons-logging/commons-logging/1.1.1/commons-logging-1.1.1.jar:/media/cxh/backup/.m2/repository/commons-codec/commons-codec/1.4/commons-codec-1.4.jar:/media/cxh/backup/.m2/repository/org/apache/httpcomponents/httpcore/4.1.3/httpcore-4.1.3.jar:/media/cxh/backup/.m2/repository/org/slf4j/slf4j-log4j12/1.6.2/slf4j-log4j12-1.6.2.jar:/media/cxh/backup/.m2/repository/org/slf4j/slf4j-api/1.6.2/slf4j-api-1.6.2.jar:/media/cxh/backup/.m2/repository/log4j/log4j/1.2.16/log4j-1.2.16.jar:/media/cxh/backup/work/realtime_ua/ua_router/target/classes:/media/cxh/backup/.m2/repository/org/apache/kafka/kafka_2.9.2/0.8.1/kafka_2.9.2-0.8.1.jar:/media/cxh/backup/.m2/repository/org/scala-lang/scala-library/2.9.2/scala-library-2.9.2.jar:/media/cxh/backup/.m2/repository/com/yammer/metrics/metrics-annotation/2.2.0/metrics-annotation-2.2.0.jar:/media/cxh/backup/.m2/repository/com/yammer/metrics/metrics-core/2.2.0/metrics-core-2.2.0.jar:/media/cxh/backup/.m2/repository/org/xerial/snappy/snappy-java/1.0.5/snappy-java-1.0.5.jar:/media/cxh/backup/.m2/repository/org/apache/zookeeper/zookeeper/3.3.4/zookeeper-3.3.4.jar:/media/cxh/backup/.m2/repository/jline/jline/0.9.94/jline-0.9.94.jar:/media/cxh/backup/.m2/repository/net/sf/jopt-simple/jopt-simple/3.2/jopt-simple-3.2.jar:/media/cxh/backup/.m2/repository/com/101tec/zkclient/0.3/zkclient-0.3.jar:/media/cxh/backup/.m2/repository/redis/clients/jedis/2.6.0/jedis-2.6.0.jar:/media/cxh/backup/.m2/repository/org/apache/commons/commons-pool2/2.0/commons-pool2-2.0.jar:/media/cxh/backup/.m2/repository/junit/junit/4.10/junit-4.10.jar:/media/cxh/backup/.m2/repository/org/hamcrest/hamcrest-core/1.1/hamcrest-core-1.1.jar
2015-01-13 15:40:40 INFO  ZooKeeper:97 - Client environment:java.library.path=/home/cxh/lib:/usr/local/lib:/usr/:/usr/lib/:/usr/local/lib:/lib:/home/cxh/leveldb:/usr/java/packages/lib/amd64:/usr/lib64:/lib64:/lib:/usr/lib
2015-01-13 15:40:40 INFO  ZooKeeper:97 - Client environment:java.io.tmpdir=/tmp
2015-01-13 15:40:40 INFO  ZooKeeper:97 - Client environment:java.compiler=<NA>
2015-01-13 15:40:40 INFO  ZooKeeper:97 - Client environment:os.name=Linux
2015-01-13 15:40:40 INFO  ZooKeeper:97 - Client environment:os.arch=amd64
2015-01-13 15:40:40 INFO  ZooKeeper:97 - Client environment:os.version=3.16.0-29-generic
2015-01-13 15:40:40 INFO  ZooKeeper:97 - Client environment:user.name=cxh
2015-01-13 15:40:40 INFO  ZooKeeper:97 - Client environment:user.home=/home/cxh
2015-01-13 15:40:40 INFO  ZooKeeper:97 - Client environment:user.dir=/home/cxh/blog
2015-01-13 15:40:40 INFO  ZooKeeper:379 - Initiating client connection, connectString=localhost:2181 sessionTimeout=10000 watcher=network.ZooKeeperWatcher@3e578b06
2015-01-13 15:40:40 INFO  ZooKeeperWatcher:84 - stat connecting zk server
2015-01-13 15:40:40 INFO  ClientCnxn:1061 - Opening socket connection to server localhost/127.0.0.1:2181
2015-01-13 15:40:40 INFO  ClientCnxn:950 - Socket connection established to localhost/127.0.0.1:2181, initiating session
2015-01-13 15:40:40 INFO  ClientCnxn:739 - Session establishment complete on server localhost/127.0.0.1:2181, sessionid = 0x14ae1634a050011, negotiated timeout = 10000
2015-01-13 15:40:40 INFO  ZooKeeperWatcher:168 - 【Watcher-1】收到Watcher通知
2015-01-13 15:40:40 INFO  ZooKeeperWatcher:169 - 【Watcher-1】连接状态:	SyncConnected
2015-01-13 15:40:40 INFO  ZooKeeperWatcher:170 - 【Watcher-1】事件类型:	None
2015-01-13 15:40:40 INFO  ZooKeeperWatcher:175 - 【Watcher-1】成功连接上ZK服务器
2015-01-13 15:40:40 INFO  ZooKeeperWatcher:198 - --------------------------------------------
2015-01-13 15:40:40 INFO  ZooKeeperWatcher:168 - 【Watcher-2】收到Watcher通知
2015-01-13 15:40:40 INFO  ZooKeeperWatcher:169 - 【Watcher-2】连接状态:	SyncConnected
2015-01-13 15:40:40 INFO  ZooKeeperWatcher:170 - 【Watcher-2】事件类型:	NodeCreated
2015-01-13 15:40:40 INFO  ZooKeeperWatcher:178 - 【Watcher-2】节点创建
2015-01-13 15:40:40 INFO  ZooKeeperWatcher:198 - --------------------------------------------
